[wtf edit] started 2026-06-06T16:11:26.3758224+05:30
[16:11:26] PHASE: work / workelate — feat/agentic-workflow-upgrade
[16:11:26] DETAIL: Current layout:
[16:11:26] DETAIL: executors share one tab as side-by-side panes; other roles get their own tab
[16:12:00] PHASE: Terminal 1 of 4
[16:12:31] DETAIL: Paste the FULL resume command for this CLI (session id included).
[16:12:31] DETAIL: Leave blank to just open the tab and start it yourself.
[16:12:42] PHASE: Terminal 2 of 4
[16:12:55] DETAIL: Paste the FULL resume command for this CLI (session id included).
[16:12:55] DETAIL: Leave blank to just open the tab and start it yourself.
[16:13:03] PHASE: Terminal 3 of 4
[16:13:20] DETAIL: Paste the FULL resume command for this CLI (session id included).
[16:13:20] DETAIL: Leave blank to just open the tab and start it yourself.
[16:13:29] PHASE: Terminal 4 of 4
[16:13:55] DETAIL: Paste the FULL resume command for this CLI (session id included).
[16:13:55] DETAIL: Leave blank to just open the tab and start it yourself.
[16:14:07] PHASE: Saved
[16:14:07] DETAIL: Next time you run `wtf open` (for this feature), these open:
[16:14:07] DETAIL: executors share one tab as side-by-side panes; other roles get their own tab
[16:14:19] PHASE: Opening feat/agentic-workflow-upgrade
[16:14:19] STEP: VS Code workspace
[16:14:19] OK: code launched
[16:14:19] STEP: agent window
[16:14:19] DETAIL: executors share one tab as side-by-side panes; other roles get their own tab
[16:14:19] WT: wt -w wtf-agents-workelate-feat-agentic-workflow-upgrade new-tab -d C:\Users\jay\Documents\workelate\worktrees\workelate-feat-agentic-workflow-upgrade --title "🧠 plan" --tabColor #F59E0B pwsh -NoExit -EncodedCommand YwBsAGEAdQBkAGUAIAAtAC0AcgBlAHMAdQBtAGUAIAAiAGEAaQAtAGQAZQBjAGsALQBnAGUAbgBlAHIAYQB0AG8AcgAtAGQAZQBzAGkAZwBuAC0AcwB5AHMAdABlAG0AIgA= ; new-tab -d C:\Users\jay\Documents\workelate\worktrees\workelate-feat-agentic-workflow-upgrade --title "🤖 executor-1" --tabColor #7C3AED pwsh -NoExit -EncodedCommand YwBsAGEAdQBkAGUAIAAtAC0AcgBlAHMAdQBtAGUAIAAiAGwAbABtAC0AcwBkAGsALQBkAGUAZgBlAHIALQByAGUAYQBzAG8AbgBpAG4AZwAiAA== ; split-pane -H -d C:\Users\jay\Documents\workelate\worktrees\workelate-feat-agentic-workflow-upgrade --title "🤖 executor-2" --tabColor #7C3AED pwsh -NoExit -EncodedCommand YwBsAGEAdQBkAGUAIAAtAC0AcgBlAHMAdQBtAGUAIAAiAGUAZABpAHQAbwByAC0AdABvAG8AbABiAGEAcgAtAHIAZQBkAGUAcwBpAGcAbgAiAA== ; split-pane -H -d C:\Users\jay\Documents\workelate\worktrees\workelate-feat-agentic-workflow-upgrade --title "🦾 free-executor" --tabColor #7C3AED pwsh -NoExit -EncodedCommand YwBsAGEAdQBkAGUAIAAtAC0AcgBlAHMAdQBtAGUAIABhADgANwA3AGEAYwAwAGEALQA1ADEAMQAzAC0ANAAyAGIANwAtADgAYQA2AGUALQBkADYAZQBhAGYANAA3AGUAMwA5ADUAOQA=
[16:14:19] OK: agents → wtf-agents-workelate-feat-agentic-workflow-upgrade
[16:14:19] STEP: runner window
[16:14:19] WT: wt -w wtf-runners-workelate-feat-agentic-workflow-upgrade new-tab -d C:\Users\jay\Documents\workelate\worktrees\workelate-feat-agentic-workflow-upgrade\backend --title "🚀 backend [F]" --tabColor #10B981 ; new-tab -d C:\Users\jay\Documents\workelate\worktrees\workelate-feat-agentic-workflow-upgrade\presentations --title "🚀 presentations [F]" --tabColor #10B981 ; new-tab -d C:\Users\jay\Documents\workelate\main\workelate-auth-app --title "📦 workelate-auth-app [M]" --tabColor #6B7280 ; new-tab -d C:\Users\jay\Documents\workelate\main\workelate-sdk --title "📦 workelate-sdk [M]" --tabColor #6B7280
[16:14:19] OK: runners → wtf-runners-workelate-feat-agentic-workflow-upgrade
