[wtf create] started 2026-05-31T20:07:15.3655149+05:30
[20:07:15] PHASE: Inputs
[20:07:51] PHASE: Plan
[20:07:51] INFO: Context:    work
[20:07:51] INFO: Project:    workelate  (multi)
[20:07:51] INFO: Branch:     feat/test
[20:07:51] INFO: Worktree:   backend, presentations
[20:07:51] INFO: Deps (ws):  workelate-auth-app, workelate-sdk
[20:07:51] INFO: Path:       C:\Users\jay\Documents\workelate\worktrees\workelate-feat-test
[20:07:51] INFO: Agent UI:   tabs
[20:08:04] PHASE: Worktrees
[20:08:04] STEP: [1/2] backend
[20:08:04] GIT [C:\Users\jay\Documents\workelate\main\workelate-backend]: git worktree prune
[20:08:04] GIT exit=0
[20:08:04] GIT [C:\Users\jay\Documents\workelate\main\workelate-backend]: git show-ref --verify --quiet refs/heads/feat/test
[20:08:04] GIT exit=1
[20:08:04] GIT [C:\Users\jay\Documents\workelate\main\workelate-backend]: git show-ref --verify --quiet refs/remotes/origin/feat/test
[20:08:04] GIT exit=1
[20:08:04] GIT [C:\Users\jay\Documents\workelate\main\workelate-backend]: git symbolic-ref refs/remotes/origin/HEAD
[20:08:04] GIT exit=0
[20:08:04] GIT stdout: refs/remotes/origin/main
[20:08:04] DETAIL: branch source: new (origin/main)
[20:08:04] DETAIL: fetching origin...
[20:08:04] GIT [C:\Users\jay\Documents\workelate\main\workelate-backend]: git fetch --prune origin
[20:08:04] GIT exit=128
[20:08:04] GIT stderr: fatal: unable to access 'https://github.com/workelate/workelate-backend.git/': Could not resolve host: github.com
[20:08:04] WARN: fetch failed (continuing): fatal: unable to access 'https://github.com/workelate/workelate-backend.git/': Could not resolve host: github.com
[20:08:04] GIT [C:\Users\jay\Documents\workelate\main\workelate-backend]: git worktree add -b feat/test C:\Users\jay\Documents\workelate\worktrees\workelate-feat-test\backend origin/main
[20:08:05] GIT exit=0
[20:08:05] GIT stdout: branch 'feat/test' set up to track 'origin/main'.
HEAD is now at b8b55a6 Merge pull request #425 from workelate/fix/conflict-solve
[20:08:05] GIT stderr: Preparing worktree (new branch 'feat/test')
[20:08:05] ENV: copied .env to C:\Users\jay\Documents\workelate\worktrees\workelate-feat-test\backend
[20:08:05] OK: backend — env copied: .env
[20:08:05] STEP: [2/2] presentations
[20:08:05] GIT [C:\Users\jay\Documents\workelate\main\workelate-presentations-app]: git worktree prune
[20:08:05] GIT exit=0
[20:08:05] GIT [C:\Users\jay\Documents\workelate\main\workelate-presentations-app]: git show-ref --verify --quiet refs/heads/feat/test
[20:08:05] GIT exit=1
[20:08:05] GIT [C:\Users\jay\Documents\workelate\main\workelate-presentations-app]: git show-ref --verify --quiet refs/remotes/origin/feat/test
[20:08:05] GIT exit=1
[20:08:05] GIT [C:\Users\jay\Documents\workelate\main\workelate-presentations-app]: git symbolic-ref refs/remotes/origin/HEAD
[20:08:05] GIT exit=0
[20:08:05] GIT stdout: refs/remotes/origin/main
[20:08:05] DETAIL: branch source: new (origin/main)
[20:08:05] DETAIL: fetching origin...
[20:08:05] GIT [C:\Users\jay\Documents\workelate\main\workelate-presentations-app]: git fetch --prune origin
[20:08:05] GIT exit=128
[20:08:05] GIT stderr: fatal: unable to access 'https://github.com/workelate/workelate-presentations-app.git/': Could not resolve host: github.com
[20:08:05] WARN: fetch failed (continuing): fatal: unable to access 'https://github.com/workelate/workelate-presentations-app.git/': Could not resolve host: github.com
[20:08:05] GIT [C:\Users\jay\Documents\workelate\main\workelate-presentations-app]: git worktree add -b feat/test C:\Users\jay\Documents\workelate\worktrees\workelate-feat-test\presentations origin/main
[20:08:05] GIT exit=0
[20:08:05] GIT stdout: branch 'feat/test' set up to track 'origin/main'.
HEAD is now at 9442308 Merge pull request #63 from workelate/feature/qa-fix
[20:08:05] GIT stderr: Preparing worktree (new branch 'feat/test')
[20:08:05] ENV: copied .env.development to C:\Users\jay\Documents\workelate\worktrees\workelate-feat-test\presentations
[20:08:05] ENV: copied .env.production to C:\Users\jay\Documents\workelate\worktrees\workelate-feat-test\presentations
[20:08:05] ENV: copied .env.staging to C:\Users\jay\Documents\workelate\worktrees\workelate-feat-test\presentations
[20:08:05] OK: presentations — env copied: .env.development, .env.production, .env.staging
[20:08:05] WARN: Heads up: features share .env with main. Watch for PORT or DB collisions.
[20:08:05] DETAIL: If both feature and main run at once, override PORT in the feature .env.local.
[20:08:05] PHASE: Artifacts
[20:08:05] OK: _PLAN.md scaffolded
[20:08:05] OK: workspace written: workelate-feat-test.code-workspace
[20:08:05] OK: .wtf-meta.json saved
[20:08:05] PHASE: Opening feat/test
[20:08:05] STEP: VS Code workspace
[20:08:05] OK: code launched
[20:08:05] STEP: agent window (tabs)
[20:08:05] WT: wt -w wtf-agents-workelate-feat-test new-tab -d C:\Users\jay\Documents\workelate\worktrees\workelate-feat-test\backend --title "🤖 backend" --tabColor #7C3AED ; new-tab -d C:\Users\jay\Documents\workelate\worktrees\workelate-feat-test\presentations --title "🤖 presentations" --tabColor #7C3AED
[20:08:05] OK: agents → wtf-agents-workelate-feat-test
[20:08:05] STEP: runner window
[20:08:05] WT: wt -w wtf-runners-workelate-feat-test new-tab -d C:\Users\jay\Documents\workelate\worktrees\workelate-feat-test\backend --title "🚀 backend [F]" --tabColor #10B981 ; new-tab -d C:\Users\jay\Documents\workelate\worktrees\workelate-feat-test\presentations --title "🚀 presentations [F]" --tabColor #10B981 ; new-tab -d C:\Users\jay\Documents\workelate\main\workelate-auth-app --title "📦 workelate-auth-app [M]" --tabColor #6B7280 ; new-tab -d C:\Users\jay\Documents\workelate\main\workelate-sdk --title "📦 workelate-sdk [M]" --tabColor #6B7280
[20:08:05] OK: runners → wtf-runners-workelate-feat-test
