[wtf open] started 2026-06-11T12:20:56.8196949+05:30
[12:20:59] PHASE: Opening feat/ai-consumption
[12:20:59] STEP: VS Code workspace
[12:20:59] OK: code launched
[12:20:59] STEP: agent window
[12:20:59] WT: wt -w wtf-agents-workelate-feat-ai-consumption new-tab -d C:\Users\jay\Documents\workelate\worktrees\workelate-feat-ai-consumption --title "🧠 plan" --tabColor #F59E0B ; new-tab -d C:\Users\jay\Documents\workelate\worktrees\workelate-feat-ai-consumption --title "🤖 exec-1" --tabColor #3B82F6 ; split-pane -V -d C:\Users\jay\Documents\workelate\worktrees\workelate-feat-ai-consumption --title "🤖 exec-2" --tabColor #3B82F6
[12:20:59] OK: agents → wtf-agents-workelate-feat-ai-consumption
[12:20:59] STEP: runner window
[12:20:59] WT: wt -w wtf-runners-workelate-feat-ai-consumption new-tab -d C:\Users\jay\Documents\workelate\worktrees\workelate-feat-ai-consumption\backend --title "🚀 backend [F]" --tabColor #10B981 ; new-tab -d C:\Users\jay\Documents\workelate\worktrees\workelate-feat-ai-consumption\hub --title "🚀 hub [F]" --tabColor #10B981 ; new-tab -d C:\Users\jay\Documents\workelate\worktrees\workelate-feat-ai-consumption\presentations --title "🚀 presentations [F]" --tabColor #10B981 ; new-tab -d C:\Users\jay\Documents\workelate\worktrees\workelate-feat-ai-consumption\sdk --title "🚀 sdk [F]" --tabColor #10B981 ; new-tab -d C:\Users\jay\Documents\workelate\main\workelate-auth-app --title "📦 workelate-auth-app [M]" --tabColor #6B7280
[12:20:59] OK: runners → wtf-runners-workelate-feat-ai-consumption
[12:21:28] PHASE: Opening feat/ai-consumption
[12:21:28] STEP: VS Code workspace
[12:21:28] OK: code launched
[12:21:28] STEP: agent window
[12:21:28] WT: wt -w wtf-agents-workelate-feat-ai-consumption new-tab -d C:\Users\jay\Documents\workelate\worktrees\workelate-feat-ai-consumption --title "🧠 plan" --tabColor #F59E0B ; new-tab -d C:\Users\jay\Documents\workelate\worktrees\workelate-feat-ai-consumption --title "🤖 exec-1" --tabColor #3B82F6 ; split-pane -V -d C:\Users\jay\Documents\workelate\worktrees\workelate-feat-ai-consumption --title "🤖 exec-2" --tabColor #3B82F6
[12:21:28] OK: agents → wtf-agents-workelate-feat-ai-consumption
[12:21:28] STEP: runner window
[12:21:28] WT: wt -w wtf-runners-workelate-feat-ai-consumption new-tab -d C:\Users\jay\Documents\workelate\worktrees\workelate-feat-ai-consumption\backend --title "🚀 backend [F]" --tabColor #10B981 ; new-tab -d C:\Users\jay\Documents\workelate\worktrees\workelate-feat-ai-consumption\hub --title "🚀 hub [F]" --tabColor #10B981 ; new-tab -d C:\Users\jay\Documents\workelate\worktrees\workelate-feat-ai-consumption\presentations --title "🚀 presentations [F]" --tabColor #10B981 ; new-tab -d C:\Users\jay\Documents\workelate\worktrees\workelate-feat-ai-consumption\sdk --title "🚀 sdk [F]" --tabColor #10B981 ; new-tab -d C:\Users\jay\Documents\workelate\main\workelate-auth-app --title "📦 workelate-auth-app [M]" --tabColor #6B7280
[12:21:28] OK: runners → wtf-runners-workelate-feat-ai-consumption
[12:22:18] PHASE: Opening feat/agentic-workflow-upgrade
[12:22:18] STEP: VS Code workspace
[12:22:18] OK: code launched
[12:22:18] STEP: agent window
[12:22:18] WT: wt -w wtf-agents-workelate-feat-agentic-workflow-upgrade new-tab -d C:\Users\jay\Documents\workelate\worktrees\workelate-feat-agentic-workflow-upgrade --title "🧠 plan" --tabColor #F59E0B pwsh -NoExit -EncodedCommand UwBlAHQALQBMAG8AYwBhAHQAaQBvAG4AIAAtAEwAaQB0AGUAcgBhAGwAUABhAHQAaAAgACcAQwA6AFwAVQBzAGUAcgBzAFwAagBhAHkAXABEAG8AYwB1AG0AZQBuAHQAcwBcAHcAbwByAGsAZQBsAGEAdABlAFwAdwBvAHIAawB0AHIAZQBlAHMAXAB3AG8AcgBrAGUAbABhAHQAZQAtAGYAZQBhAHQALQBhAGcAZQBuAHQAaQBjAC0AdwBvAHIAawBmAGwAbwB3AC0AdQBwAGcAcgBhAGQAZQAnAAoAYwBsAGEAdQBkAGUAIAAtAC0AcgBlAHMAdQBtAGUAIAAiAGEAaQAtAGQAZQBjAGsALQBnAGUAbgBlAHIAYQB0AG8AcgAtAGQAZQBzAGkAZwBuAC0AcwB5AHMAdABlAG0AIgA= ; new-tab -d C:\Users\jay\Documents\workelate\worktrees\workelate-feat-agentic-workflow-upgrade --title "🤖 executor-1" --tabColor #3B82F6 pwsh -NoExit -EncodedCommand UwBlAHQALQBMAG8AYwBhAHQAaQBvAG4AIAAtAEwAaQB0AGUAcgBhAGwAUABhAHQAaAAgACcAQwA6AFwAVQBzAGUAcgBzAFwAagBhAHkAXABEAG8AYwB1AG0AZQBuAHQAcwBcAHcAbwByAGsAZQBsAGEAdABlAFwAdwBvAHIAawB0AHIAZQBlAHMAXAB3AG8AcgBrAGUAbABhAHQAZQAtAGYAZQBhAHQALQBhAGcAZQBuAHQAaQBjAC0AdwBvAHIAawBmAGwAbwB3AC0AdQBwAGcAcgBhAGQAZQAnAAoAYwBsAGEAdQBkAGUAIAAtAC0AcgBlAHMAdQBtAGUAIAAiAGwAbABtAC0AcwBkAGsALQBkAGUAZgBlAHIALQByAGUAYQBzAG8AbgBpAG4AZwAiAA== ; split-pane -V -d C:\Users\jay\Documents\workelate\worktrees\workelate-feat-agentic-workflow-upgrade --title "🤖 executor-2" --tabColor #3B82F6 pwsh -NoExit -EncodedCommand UwBlAHQALQBMAG8AYwBhAHQAaQBvAG4AIAAtAEwAaQB0AGUAcgBhAGwAUABhAHQAaAAgACcAQwA6AFwAVQBzAGUAcgBzAFwAagBhAHkAXABEAG8AYwB1AG0AZQBuAHQAcwBcAHcAbwByAGsAZQBsAGEAdABlAFwAdwBvAHIAawB0AHIAZQBlAHMAXAB3AG8AcgBrAGUAbABhAHQAZQAtAGYAZQBhAHQALQBhAGcAZQBuAHQAaQBjAC0AdwBvAHIAawBmAGwAbwB3AC0AdQBwAGcAcgBhAGQAZQAnAAoAYwBsAGEAdQBkAGUAIAAtAC0AcgBlAHMAdQBtAGUAIAAiAGUAZABpAHQAbwByAC0AdABvAG8AbABiAGEAcgAtAHIAZQBkAGUAcwBpAGcAbgAiAA== ; new-tab -d C:\Users\jay\Documents\workelate\worktrees\workelate-feat-agentic-workflow-upgrade --title "🦾 free-executor" --tabColor #A855F7 pwsh -NoExit -EncodedCommand UwBlAHQALQBMAG8AYwBhAHQAaQBvAG4AIAAtAEwAaQB0AGUAcgBhAGwAUABhAHQAaAAgACcAQwA6AFwAVQBzAGUAcgBzAFwAagBhAHkAXABEAG8AYwB1AG0AZQBuAHQAcwBcAHcAbwByAGsAZQBsAGEAdABlAFwAdwBvAHIAawB0AHIAZQBlAHMAXAB3AG8AcgBrAGUAbABhAHQAZQAtAGYAZQBhAHQALQBhAGcAZQBuAHQAaQBjAC0AdwBvAHIAawBmAGwAbwB3AC0AdQBwAGcAcgBhAGQAZQAnAAoAYwBsAGEAdQBkAGUAIAAtAC0AcgBlAHMAdQBtAGUAIABhADgANwA3AGEAYwAwAGEALQA1ADEAMQAzAC0ANAAyAGIANwAtADgAYQA2AGUALQBkADYAZQBhAGYANAA3AGUAMwA5ADUAOQA=
[12:22:18] OK: agents → wtf-agents-workelate-feat-agentic-workflow-upgrade
[12:22:18] STEP: runner window
[12:22:18] WT: wt -w wtf-runners-workelate-feat-agentic-workflow-upgrade new-tab -d C:\Users\jay\Documents\workelate\worktrees\workelate-feat-agentic-workflow-upgrade\backend --title "🚀 backend [F]" --tabColor #10B981 ; new-tab -d C:\Users\jay\Documents\workelate\worktrees\workelate-feat-agentic-workflow-upgrade\presentations --title "🚀 presentations [F]" --tabColor #10B981 ; new-tab -d C:\Users\jay\Documents\workelate\main\workelate-auth-app --title "📦 workelate-auth-app [M]" --tabColor #6B7280 ; new-tab -d C:\Users\jay\Documents\workelate\main\workelate-sdk --title "📦 workelate-sdk [M]" --tabColor #6B7280
[12:22:18] OK: runners → wtf-runners-workelate-feat-agentic-workflow-upgrade
