[wtf create] started 2026-06-06T15:07:30.0013319+05:30
[15:07:30] PHASE: Inputs
[15:07:39] GIT [C:\Users\jay\Documents\projects\brim-demo]: git branch --format=%(refname:short)
[15:07:39] GIT exit=0
[15:07:39] GIT stdout: master
new-hero
small-changes
[15:07:39] GIT [C:\Users\jay\Documents\projects\brim-demo]: git branch -r --format=%(refname:short)
[15:07:40] GIT exit=0
[15:07:40] GIT stdout: origin
origin/master
origin/new-hero
origin/small-changes
[15:07:56] PHASE: Plan
[15:07:56] INFO: Context:    personal
[15:07:56] INFO: Project:    brim-demo  (mono)
[15:07:56] INFO: Branch:     small-changes
[15:07:56] INFO: Worktree:   brim-demo
[15:07:56] INFO: Path:       C:\Users\jay\Documents\projects\worktrees\brim-demo-small-changes
[15:07:56] INFO: Agents:     1 planner + 1 executor
[15:07:59] PHASE: Worktrees
[15:07:59] STEP: [1/1] brim-demo
[15:07:59] GIT [C:\Users\jay\Documents\projects\brim-demo]: git worktree prune
[15:07:59] GIT exit=0
[15:07:59] GIT [C:\Users\jay\Documents\projects\brim-demo]: git show-ref --verify --quiet refs/heads/small-changes
[15:07:59] GIT exit=0
[15:07:59] DETAIL: branch source: local (small-changes)
[15:07:59] DETAIL: fetching origin...
[15:07:59] GIT [C:\Users\jay\Documents\projects\brim-demo]: git fetch --prune origin
[15:08:01] GIT exit=0
[15:08:01] GIT stderr: From https://github.com/Jay0073/brim-demo
   926c58d..fa3022a  master     -> origin/master
[15:08:01] GIT [C:\Users\jay\Documents\projects\brim-demo]: git worktree add C:\Users\jay\Documents\projects\worktrees\brim-demo-small-changes small-changes
[15:08:02] GIT exit=0
[15:08:02] GIT stdout: HEAD is now at f8be1e8 refactor: update styles and improve accessibility for AddToCartButton and StoreDetailCard components
[15:08:02] GIT stderr: Preparing worktree (checking out 'small-changes')
[15:08:02] GIT [C:\Users\jay\Documents\projects\brim-demo]: git ls-files --others --ignored --exclude-standard --directory
[15:08:02] GIT exit=0
[15:08:02] GIT stdout: .next/
assets/
assets/yt-hero-video.mp4
assets/yt-new-video.mp4
assets/yt-optimized-video.mp4
assets/yt-video.mp4
next-env.d.ts
node_modules/
out/
tsconfig.tsbuildinfo
[15:08:02] COPY-IGNORED: assets → C:\Users\jay\Documents\projects\worktrees\brim-demo-small-changes
[15:08:02] COPY-IGNORED: assets/yt-hero-video.mp4 → C:\Users\jay\Documents\projects\worktrees\brim-demo-small-changes
[15:08:02] COPY-IGNORED: assets/yt-new-video.mp4 → C:\Users\jay\Documents\projects\worktrees\brim-demo-small-changes
[15:08:02] COPY-IGNORED: assets/yt-optimized-video.mp4 → C:\Users\jay\Documents\projects\worktrees\brim-demo-small-changes
[15:08:02] COPY-IGNORED: assets/yt-video.mp4 → C:\Users\jay\Documents\projects\worktrees\brim-demo-small-changes
[15:08:02] COPY-IGNORED: next-env.d.ts → C:\Users\jay\Documents\projects\worktrees\brim-demo-small-changes
[15:08:02] COPY-IGNORED: tsconfig.tsbuildinfo → C:\Users\jay\Documents\projects\worktrees\brim-demo-small-changes
[15:08:02] OK: brim-demo — copied from main: assets, assets/yt-hero-video.mp4, assets/yt-new-video.mp4, assets/yt-optimized-video.mp4, assets/yt-video.mp4, next-env.d.ts (+1 more)
[15:08:02] WARN: Heads up: this worktree got a COPY of main's gitignored files (.env, etc.).
[15:08:02] DETAIL: If you run feature + main at once, watch for PORT/DB collisions (override PORT here).
[15:08:02] DETAIL: Heavy regenerable dirs (node_modules, dist…) were skipped — rebuild them (e.g. npm i).
[15:08:02] PHASE: Artifacts
[15:08:02] OK: _PLAN.md scaffolded
[15:08:02] GIT [C:\Users\jay\Documents\projects\worktrees\brim-demo-small-changes]: git rev-parse --git-path info/exclude
[15:08:02] GIT exit=0
[15:08:02] GIT stdout: C:/Users/jay/Documents/projects/brim-demo/.git/info/exclude
[15:08:02] EXCLUDE: added /_PLAN.md to C:/Users/jay/Documents/projects/brim-demo/.git/info/exclude
[15:08:02] OK: git-ignored _PLAN.md locally (won't be committed)
[15:08:02] OK: workspace written: brim-demo-small-changes.code-workspace
[15:08:02] OK: .wtf-meta.json saved
[15:08:02] PHASE: Opening small-changes
[15:08:02] STEP: VS Code workspace
[15:08:02] OK: code launched
[15:08:02] DETAIL: No agent terminals set up yet for this feature — let's configure them.
[15:08:02] PHASE: personal / brim-demo — small-changes
[15:08:02] DETAIL: Current layout:
[15:09:00] PHASE: Terminal 1 of 2
[15:09:32] PHASE: Terminal 2 of 2
[15:09:42] STEP: agent window
[15:09:42] WT: wt -w wtf-agents-brim-demo-small-changes new-tab -d C:\Users\jay\Documents\projects\worktrees\brim-demo-small-changes --title "🧠 plan" --tabColor #F59E0B ; new-tab -d C:\Users\jay\Documents\projects\worktrees\brim-demo-small-changes --title "🤖 exec-1" --tabColor #7C3AED
[15:09:42] OK: agents → wtf-agents-brim-demo-small-changes
[15:09:42] STEP: runner window
[15:09:42] WT: wt -w wtf-runners-brim-demo-small-changes new-tab -d C:\Users\jay\Documents\projects\worktrees\brim-demo-small-changes --title "🚀 brim-demo [F]" --tabColor #10B981
[15:09:42] OK: runners → wtf-runners-brim-demo-small-changes
