[wtf edit] started 2026-06-06T17:21:07.9540920+05:30
[17:21:07] PHASE: work / workelate — feat/agentic-workflow-upgrade
[17:21:07] DETAIL: Current terminals:
[17:21:08] DETAIL: executors share one tab as side-by-side panes (left→right); other roles get their own tab
[17:21:08] PHASE: 🧠 plan  (1 of 4)
[17:21:11] PHASE: 🤖 executor-1  (2 of 4)
[17:21:14] PHASE: 🤖 executor-2  (3 of 4)
[17:21:23] PHASE: 🦾 free-executor  (4 of 4)
[17:21:57] DETAIL: Paste the full resume command for this CLI (session id included).
[17:21:57] DETAIL: leave blank to cancel this one
[17:22:05] OK: added 🦾 test
[17:22:08] PHASE: Saved
[17:22:08] DETAIL: `wtf open` (this feature) will launch:
[17:22:08] DETAIL: executors share one tab as side-by-side panes (left→right); other roles get their own tab
[17:22:26] PHASE: Opening feat/agentic-workflow-upgrade
[17:22:26] STEP: VS Code workspace
[17:22:26] OK: code launched
[17:22:26] STEP: agent window
[17:22:27] DETAIL: executors share one tab as side-by-side panes (left→right); other roles get their own tab
[17:22:27] WT: wt -w wtf-agents-workelate-feat-agentic-workflow-upgrade new-tab -d C:\Users\jay\Documents\workelate\worktrees\workelate-feat-agentic-workflow-upgrade --title "🧠 plan" --tabColor #F59E0B pwsh -NoExit -EncodedCommand YwBsAGEAdQBkAGUAIAAtAC0AcgBlAHMAdQBtAGUAIAAiAGEAaQAtAGQAZQBjAGsALQBnAGUAbgBlAHIAYQB0AG8AcgAtAGQAZQBzAGkAZwBuAC0AcwB5AHMAdABlAG0AIgA= ; new-tab -d C:\Users\jay\Documents\workelate\worktrees\workelate-feat-agentic-workflow-upgrade --title "🤖 executor-1" --tabColor #7C3AED pwsh -NoExit -EncodedCommand YwBsAGEAdQBkAGUAIAAtAC0AcgBlAHMAdQBtAGUAIAAiAGwAbABtAC0AcwBkAGsALQBkAGUAZgBlAHIALQByAGUAYQBzAG8AbgBpAG4AZwAiAA== ; split-pane -V -d C:\Users\jay\Documents\workelate\worktrees\workelate-feat-agentic-workflow-upgrade --title "🤖 executor-2" --tabColor #7C3AED pwsh -NoExit -EncodedCommand YwBsAGEAdQBkAGUAIAAtAC0AcgBlAHMAdQBtAGUAIAAiAGUAZABpAHQAbwByAC0AdABvAG8AbABiAGEAcgAtAHIAZQBkAGUAcwBpAGcAbgAiAA== ; new-tab -d C:\Users\jay\Documents\workelate\worktrees\workelate-feat-agentic-workflow-upgrade --title "🦾 free-executor" --tabColor #A855F7 pwsh -NoExit -EncodedCommand YwBsAGEAdQBkAGUAIAAtAC0AcgBlAHMAdQBtAGUAIABhADgANwA3AGEAYwAwAGEALQA1ADEAMQAzAC0ANAAyAGIANwAtADgAYQA2AGUALQBkADYAZQBhAGYANAA3AGUAMwA5ADUAOQA= ; new-tab -d C:\Users\jay\Documents\workelate\worktrees\workelate-feat-agentic-workflow-upgrade --title "🦾 test" --tabColor #A855F7 pwsh -NoExit -EncodedCommand YwBsAGEAdQBkAGUAIAAtAC0AcgBlAHMAdQBtAGUA
[17:22:27] OK: agents → wtf-agents-workelate-feat-agentic-workflow-upgrade
[17:22:27] STEP: runner window
[17:22:27] WT: wt -w wtf-runners-workelate-feat-agentic-workflow-upgrade new-tab -d C:\Users\jay\Documents\workelate\worktrees\workelate-feat-agentic-workflow-upgrade\backend --title "🚀 backend [F]" --tabColor #10B981 ; new-tab -d C:\Users\jay\Documents\workelate\worktrees\workelate-feat-agentic-workflow-upgrade\presentations --title "🚀 presentations [F]" --tabColor #10B981 ; new-tab -d C:\Users\jay\Documents\workelate\main\workelate-auth-app --title "📦 workelate-auth-app [M]" --tabColor #6B7280 ; new-tab -d C:\Users\jay\Documents\workelate\main\workelate-sdk --title "📦 workelate-sdk [M]" --tabColor #6B7280
[17:22:27] OK: runners → wtf-runners-workelate-feat-agentic-workflow-upgrade
