[wtf create] started 2026-05-31T23:31:26.6655146+05:30
[23:31:26] PHASE: Inputs
[23:31:52] PHASE: Plan
[23:31:52] INFO: Context:    work
[23:31:52] INFO: Project:    workelate  (multi)
[23:31:52] INFO: Branch:     feat/test
[23:31:52] INFO: Worktree:   auth, backend, presentations
[23:31:52] INFO: Deps (ws):  workelate-sdk
[23:31:52] INFO: Path:       C:\Users\jay\Documents\workelate\worktrees\workelate-feat-test
[23:31:52] INFO: Agent UI:   tabs
[23:31:54] PHASE: Worktrees
[23:31:54] STEP: [1/3] auth
[23:31:54] GIT [C:\Users\jay\Documents\workelate\main\workelate-auth-app]: git worktree prune
[23:31:54] GIT exit=0
[23:31:54] GIT [C:\Users\jay\Documents\workelate\main\workelate-auth-app]: git show-ref --verify --quiet refs/heads/feat/test
[23:31:54] GIT exit=1
[23:31:54] GIT [C:\Users\jay\Documents\workelate\main\workelate-auth-app]: git show-ref --verify --quiet refs/remotes/origin/feat/test
[23:31:54] GIT exit=1
[23:31:54] GIT [C:\Users\jay\Documents\workelate\main\workelate-auth-app]: git symbolic-ref refs/remotes/origin/HEAD
[23:31:54] GIT exit=0
[23:31:54] GIT stdout: refs/remotes/origin/main
[23:31:54] DETAIL: branch source: new (origin/main)
[23:31:54] DETAIL: fetching origin...
[23:31:54] GIT [C:\Users\jay\Documents\workelate\main\workelate-auth-app]: git fetch --prune origin
[23:31:57] GIT exit=0
[23:31:57] GIT [C:\Users\jay\Documents\workelate\main\workelate-auth-app]: git worktree add -b feat/test C:\Users\jay\Documents\workelate\worktrees\workelate-feat-test\auth origin/main
[23:31:57] GIT exit=0
[23:31:57] GIT stdout: branch 'feat/test' set up to track 'origin/main'.
HEAD is now at 3b55df5 Merge pull request #43 from workelate/bug/logout-issue
[23:31:57] GIT stderr: Preparing worktree (new branch 'feat/test')
[23:31:57] ENV: copied .env.development to C:\Users\jay\Documents\workelate\worktrees\workelate-feat-test\auth
[23:31:57] ENV: copied .env.production to C:\Users\jay\Documents\workelate\worktrees\workelate-feat-test\auth
[23:31:57] ENV: copied .env.staging to C:\Users\jay\Documents\workelate\worktrees\workelate-feat-test\auth
[23:31:57] OK: auth — env copied: .env.development, .env.production, .env.staging
[23:31:57] STEP: [2/3] backend
[23:31:57] GIT [C:\Users\jay\Documents\workelate\main\workelate-backend]: git worktree prune
[23:31:57] GIT exit=0
[23:31:57] GIT [C:\Users\jay\Documents\workelate\main\workelate-backend]: git show-ref --verify --quiet refs/heads/feat/test
[23:31:57] GIT exit=0
[23:31:57] DETAIL: branch source: local (feat/test)
[23:31:57] DETAIL: fetching origin...
[23:31:57] GIT [C:\Users\jay\Documents\workelate\main\workelate-backend]: git fetch --prune origin
[23:32:00] GIT exit=0
[23:32:00] GIT stderr: From https://github.com/workelate/workelate-backend
   b8b55a6..b342fa5  main              -> origin/main
 * [new branch]      AI-orchestrator   -> origin/AI-orchestrator
 * [new branch]      feat/ai-trigger   -> origin/feat/ai-trigger
 * [new branch]      feature/task-app  -> origin/feature/task-app
 * [new branch]      feature/templates -> origin/feature/templates
 * [new branch]      fix/form-backend  -> origin/fix/form-backend
   964f0f0..d1820a8  production-api    -> origin/production-api
   8de4f81..4ba0cdf  staging-api       -> origin/staging-api
[23:32:00] GIT [C:\Users\jay\Documents\workelate\main\workelate-backend]: git worktree add C:\Users\jay\Documents\workelate\worktrees\workelate-feat-test\backend feat/test
[23:32:01] GIT exit=0
[23:32:01] GIT stdout: HEAD is now at b8b55a6 Merge pull request #425 from workelate/fix/conflict-solve
[23:32:01] GIT stderr: Preparing worktree (checking out 'feat/test')
[23:32:01] ENV: copied .env to C:\Users\jay\Documents\workelate\worktrees\workelate-feat-test\backend
[23:32:01] OK: backend — env copied: .env
[23:32:01] STEP: [3/3] presentations
[23:32:01] GIT [C:\Users\jay\Documents\workelate\main\workelate-presentations-app]: git worktree prune
[23:32:01] GIT exit=0
[23:32:01] GIT [C:\Users\jay\Documents\workelate\main\workelate-presentations-app]: git show-ref --verify --quiet refs/heads/feat/test
[23:32:01] GIT exit=0
[23:32:01] DETAIL: branch source: local (feat/test)
[23:32:01] DETAIL: fetching origin...
[23:32:01] GIT [C:\Users\jay\Documents\workelate\main\workelate-presentations-app]: git fetch --prune origin
[23:32:03] GIT exit=0
[23:32:03] GIT stderr: From https://github.com/workelate/workelate-presentations-app
   9442308..85bc09a  main        -> origin/main
 * [new branch]      feature/template-preview -> origin/feature/template-preview
   9442308..85bc09a  staging-app -> origin/staging-app
[23:32:03] GIT [C:\Users\jay\Documents\workelate\main\workelate-presentations-app]: git worktree add C:\Users\jay\Documents\workelate\worktrees\workelate-feat-test\presentations feat/test
[23:32:03] GIT exit=0
[23:32:03] GIT stdout: HEAD is now at 9442308 Merge pull request #63 from workelate/feature/qa-fix
[23:32:03] GIT stderr: Preparing worktree (checking out 'feat/test')
[23:32:03] ENV: copied .env.development to C:\Users\jay\Documents\workelate\worktrees\workelate-feat-test\presentations
[23:32:03] ENV: copied .env.production to C:\Users\jay\Documents\workelate\worktrees\workelate-feat-test\presentations
[23:32:03] ENV: copied .env.staging to C:\Users\jay\Documents\workelate\worktrees\workelate-feat-test\presentations
[23:32:03] OK: presentations — env copied: .env.development, .env.production, .env.staging
[23:32:03] PHASE: Artifacts
[23:32:03] OK: _PLAN.md scaffolded
[23:32:03] OK: workspace written: workelate-feat-test.code-workspace
[23:32:03] OK: .wtf-meta.json saved
[23:32:03] PHASE: Opening feat/test
[23:32:03] STEP: VS Code workspace
[23:32:03] OK: code launched
[23:32:03] STEP: agent window (tabs)
[23:32:04] WT: wt -w wtf-agents-workelate-feat-test new-tab -d C:\Users\jay\Documents\workelate\worktrees\workelate-feat-test --title "🧠 plan" --tabColor #F59E0B ; new-tab -d C:\Users\jay\Documents\workelate\worktrees\workelate-feat-test\auth --title "🤖 auth" --tabColor #7C3AED ; new-tab -d C:\Users\jay\Documents\workelate\worktrees\workelate-feat-test\backend --title "🤖 backend" --tabColor #7C3AED ; new-tab -d C:\Users\jay\Documents\workelate\worktrees\workelate-feat-test\presentations --title "🤖 presentations" --tabColor #7C3AED
[23:32:04] OK: agents → wtf-agents-workelate-feat-test
[23:32:04] STEP: runner window
[23:32:04] WT: wt -w wtf-runners-workelate-feat-test new-tab -d C:\Users\jay\Documents\workelate\worktrees\workelate-feat-test\auth --title "🚀 auth [F]" --tabColor #10B981 ; new-tab -d C:\Users\jay\Documents\workelate\worktrees\workelate-feat-test\backend --title "🚀 backend [F]" --tabColor #10B981 ; new-tab -d C:\Users\jay\Documents\workelate\worktrees\workelate-feat-test\presentations --title "🚀 presentations [F]" --tabColor #10B981 ; new-tab -d C:\Users\jay\Documents\workelate\main\workelate-sdk --title "📦 workelate-sdk [M]" --tabColor #6B7280
[23:32:04] OK: runners → wtf-runners-workelate-feat-test
