[wtf remove] started 2026-06-01T01:35:29.7476512+05:30
[01:35:29] PHASE: Safety checks
[01:35:29] STEP: citysense
[01:35:29] GIT [C:\Users\jay\Documents\workelate\worktrees\citysense-feat-sense-engine]: git status --porcelain
[01:35:30] GIT exit=0
[01:35:30] GIT [C:\Users\jay\Documents\workelate\worktrees\citysense-feat-sense-engine]: git log --oneline @{u}..HEAD
[01:35:30] GIT exit=0
[01:35:30] OK:   clean & pushed
[01:35:30] DETAIL: Committed+pushed work is safe in git. Local-only files (copied .env, graphify-out,
[01:35:30] DETAIL: and anything gitignored you changed here) are NOT tracked and will be gone.
[01:35:37] PHASE: Teardown
[01:35:37] DETAIL: If removal stalls, close this feature's VS Code window and agent/runner
[01:35:37] DETAIL: terminals first — open handles lock the files (Windows ‘Permission denied’).
[01:35:37] STEP: citysense
[01:35:37] GIT [C:\Users\jay\Documents\workelate\main\citysense]: git worktree remove --force C:\Users\jay\Documents\workelate\worktrees\citysense-feat-sense-engine
[01:35:37] GIT exit=0
[01:35:37] GIT [C:\Users\jay\Documents\workelate\main\citysense]: git worktree prune
[01:35:37] GIT exit=0
[01:35:37] OK:   removed
[01:35:37] GIT [C:\Users\jay\Documents\workelate\main\citysense]: git show-ref --verify --quiet refs/heads/feat/sense-engine
[01:35:37] GIT exit=0
[01:35:42] GIT [C:\Users\jay\Documents\workelate\main\citysense]: git branch -D feat/sense-engine
[01:35:42] GIT exit=0
[01:35:42] GIT stdout: Deleted branch feat/sense-engine (was 3ab7efe).
[01:35:42] OK:   deleted feat/sense-engine in citysense
