[wtf create] started 2026-06-01T00:26:18.3326331+05:30
[00:26:18] PHASE: Inputs
[00:26:52] PHASE: Plan
[00:26:52] INFO: Context:    work
[00:26:52] INFO: Project:    workelate  (multi)
[00:26:52] INFO: Branch:     feat/last-test
[00:26:52] INFO: Worktree:   backend, presentations
[00:26:52] INFO: Deps (ws):  workelate-auth-app, workelate-sdk
[00:26:52] INFO: Path:       C:\Users\jay\Documents\workelate\worktrees\workelate-feat-last-test
[00:26:52] INFO: Agent UI:   tabs
[00:26:56] PHASE: Worktrees
[00:26:56] STEP: [1/2] backend
[00:26:56] GIT [C:\Users\jay\Documents\workelate\main\workelate-backend]: git worktree prune
[00:26:56] GIT exit=0
[00:26:56] GIT [C:\Users\jay\Documents\workelate\main\workelate-backend]: git show-ref --verify --quiet refs/heads/feat/last-test
[00:26:56] GIT exit=1
[00:26:56] GIT [C:\Users\jay\Documents\workelate\main\workelate-backend]: git show-ref --verify --quiet refs/remotes/origin/feat/last-test
[00:26:56] GIT exit=1
[00:26:56] GIT [C:\Users\jay\Documents\workelate\main\workelate-backend]: git symbolic-ref refs/remotes/origin/HEAD
[00:26:56] GIT exit=0
[00:26:56] GIT stdout: refs/remotes/origin/main
[00:26:56] DETAIL: branch source: new (origin/main)
[00:26:56] DETAIL: fetching origin...
[00:26:56] GIT [C:\Users\jay\Documents\workelate\main\workelate-backend]: git fetch --prune origin
[00:26:58] GIT exit=0
[00:26:58] GIT [C:\Users\jay\Documents\workelate\main\workelate-backend]: git worktree add -b feat/last-test C:\Users\jay\Documents\workelate\worktrees\workelate-feat-last-test\backend origin/main
[00:26:58] GIT exit=0
[00:26:58] GIT stdout: branch 'feat/last-test' set up to track 'origin/main'.
HEAD is now at b342fa5 Merge pull request #431 from workelate/production-api
[00:26:58] GIT stderr: Preparing worktree (new branch 'feat/last-test')
[00:26:58] ENV: copied .env to C:\Users\jay\Documents\workelate\worktrees\workelate-feat-last-test\backend
[00:26:58] OK: backend — env copied: .env
[00:26:58] STEP: [2/2] presentations
[00:26:58] GIT [C:\Users\jay\Documents\workelate\main\workelate-presentations-app]: git worktree prune
[00:26:58] GIT exit=0
[00:26:58] GIT [C:\Users\jay\Documents\workelate\main\workelate-presentations-app]: git show-ref --verify --quiet refs/heads/feat/last-test
[00:26:58] GIT exit=1
[00:26:58] GIT [C:\Users\jay\Documents\workelate\main\workelate-presentations-app]: git show-ref --verify --quiet refs/remotes/origin/feat/last-test
[00:26:59] GIT exit=1
[00:26:59] GIT [C:\Users\jay\Documents\workelate\main\workelate-presentations-app]: git symbolic-ref refs/remotes/origin/HEAD
[00:26:59] GIT exit=0
[00:26:59] GIT stdout: refs/remotes/origin/main
[00:26:59] DETAIL: branch source: new (origin/main)
[00:26:59] DETAIL: fetching origin...
[00:26:59] GIT [C:\Users\jay\Documents\workelate\main\workelate-presentations-app]: git fetch --prune origin
[00:27:01] GIT exit=0
[00:27:01] GIT [C:\Users\jay\Documents\workelate\main\workelate-presentations-app]: git worktree add -b feat/last-test C:\Users\jay\Documents\workelate\worktrees\workelate-feat-last-test\presentations origin/main
[00:27:01] GIT exit=0
[00:27:01] GIT stdout: branch 'feat/last-test' set up to track 'origin/main'.
HEAD is now at 85bc09a Merge pull request #64 from workelate/feature/template-preview
[00:27:01] GIT stderr: Preparing worktree (new branch 'feat/last-test')
[00:27:01] ENV: copied .env.development to C:\Users\jay\Documents\workelate\worktrees\workelate-feat-last-test\presentations
[00:27:01] ENV: copied .env.production to C:\Users\jay\Documents\workelate\worktrees\workelate-feat-last-test\presentations
[00:27:01] ENV: copied .env.staging to C:\Users\jay\Documents\workelate\worktrees\workelate-feat-last-test\presentations
[00:27:01] OK: presentations — env copied: .env.development, .env.production, .env.staging
[00:27:01] PHASE: Artifacts
[00:27:01] OK: _PLAN.md scaffolded
[00:27:01] OK: workspace written: workelate-feat-last-test.code-workspace
[00:27:01] OK: .wtf-meta.json saved
[00:27:01] PHASE: Opening feat/last-test
[00:27:01] STEP: VS Code workspace
[00:27:01] OK: code launched
[00:27:01] STEP: agent window (tabs)
[00:27:01] WT: wt -w wtf-agents-workelate-feat-last-test new-tab -d C:\Users\jay\Documents\workelate\worktrees\workelate-feat-last-test --title "🧠 plan" --tabColor #F59E0B ; new-tab -d C:\Users\jay\Documents\workelate\worktrees\workelate-feat-last-test\backend --title "🤖 backend" --tabColor #7C3AED ; new-tab -d C:\Users\jay\Documents\workelate\worktrees\workelate-feat-last-test\presentations --title "🤖 presentations" --tabColor #7C3AED
[00:27:01] OK: agents → wtf-agents-workelate-feat-last-test
[00:27:01] STEP: runner window
[00:27:01] WT: wt -w wtf-runners-workelate-feat-last-test new-tab -d C:\Users\jay\Documents\workelate\worktrees\workelate-feat-last-test\backend --title "🚀 backend [F]" --tabColor #10B981 ; new-tab -d C:\Users\jay\Documents\workelate\worktrees\workelate-feat-last-test\presentations --title "🚀 presentations [F]" --tabColor #10B981 ; new-tab -d C:\Users\jay\Documents\workelate\main\workelate-auth-app --title "📦 workelate-auth-app [M]" --tabColor #6B7280 ; new-tab -d C:\Users\jay\Documents\workelate\main\workelate-sdk --title "📦 workelate-sdk [M]" --tabColor #6B7280
[00:27:01] OK: runners → wtf-runners-workelate-feat-last-test
[00:47:34] PHASE: Opening feat/last-test
[00:47:34] STEP: VS Code workspace
[00:47:34] OK: code launched
[00:47:34] STEP: agent window (tabs)
[00:47:34] WT: wt -w wtf-agents-workelate-feat-last-test new-tab -d C:\Users\jay\Documents\workelate\worktrees\workelate-feat-last-test --title "🧠 plan" --tabColor #F59E0B ; new-tab -d C:\Users\jay\Documents\workelate\worktrees\workelate-feat-last-test\backend --title "🤖 backend" --tabColor #7C3AED ; new-tab -d C:\Users\jay\Documents\workelate\worktrees\workelate-feat-last-test\presentations --title "🤖 presentations" --tabColor #7C3AED
[00:47:34] OK: agents → wtf-agents-workelate-feat-last-test
[00:47:34] STEP: runner window
[00:47:34] WT: wt -w wtf-runners-workelate-feat-last-test new-tab -d C:\Users\jay\Documents\workelate\worktrees\workelate-feat-last-test\backend --title "🚀 backend [F]" --tabColor #10B981 ; new-tab -d C:\Users\jay\Documents\workelate\worktrees\workelate-feat-last-test\presentations --title "🚀 presentations [F]" --tabColor #10B981 ; new-tab -d C:\Users\jay\Documents\workelate\main\workelate-auth-app --title "📦 workelate-auth-app [M]" --tabColor #6B7280 ; new-tab -d C:\Users\jay\Documents\workelate\main\workelate-sdk --title "📦 workelate-sdk [M]" --tabColor #6B7280
[00:47:34] OK: runners → wtf-runners-workelate-feat-last-test
