[wtf create] started 2026-05-30T18:55:35.3527320+05:30
[18:55:35] PHASE: Inputs
[18:56:36] PHASE: Plan
[18:56:36] INFO: Context:    work
[18:56:36] INFO: Project:    citysense  (mono)
[18:56:36] INFO: Branch:     feat/sense-engine-integration
[18:56:36] INFO: Worktree:   citysense
[18:56:36] INFO: Path:       C:\Users\jay\Documents\workelate\worktrees\citysense-feat-sense-engine-integration
[18:56:36] INFO: Agent UI:   tabs
[18:56:55] PHASE: Worktrees
[18:56:55] STEP: [1/1] citysense
[18:56:55] GIT [C:\Users\jay\Documents\workelate\main\citysense]: git worktree prune
[18:56:55] GIT exit=0
[18:56:55] GIT [C:\Users\jay\Documents\workelate\main\citysense]: git show-ref --verify --quiet refs/heads/feat/sense-engine-integration
[18:56:55] GIT exit=1
[18:56:55] GIT [C:\Users\jay\Documents\workelate\main\citysense]: git show-ref --verify --quiet refs/remotes/origin/feat/sense-engine-integration
[18:56:55] GIT exit=1
[18:56:55] GIT [C:\Users\jay\Documents\workelate\main\citysense]: git symbolic-ref refs/remotes/origin/HEAD
[18:56:55] GIT exit=0
[18:56:55] GIT stdout: refs/remotes/origin/main
[18:56:55] DETAIL: branch source: new (origin/main)
